Sinh viên x đăng nhập
Sinh viên x đăng nhập
Sinh viên x đăng nhập
Sinh viên x đăng nhập
Sinh viên x đăng nhập
Sinh viên x đăng nhập
2022-12-19-10-56-49-243: Chấm bài C:\Users\longt\OneDrive\Desktop\KT2_NMLT\41\41.c, KQ: Kết quả: 100/100 điểm
Điểm tổng: 3 / 10
Thời gian làm bài: 11:11:48.5496165
2022-12-19-11-00-31-895: Chấm bài C:\Users\longt\OneDrive\Desktop\KT2_NMLT\41\41b.c, KQ: Kết quả: 90/100 điểm
Điểm tổng: 2.7 / 10
Thời gian làm bài: 00:03:25.8521679
2022-12-19-11-01-03-010: Chấm bài C:\Users\longt\OneDrive\Desktop\KT2_NMLT\41\41b.c, KQ: Kết quả: 100/100 điểm
Điểm tổng: 3 / 10
Thời gian làm bài: 00:03:57.2753680
2022-12-19-11-01-31-640: Chấm bài C:\Users\longt\OneDrive\Desktop\KT2_NMLT\41\41b.c, KQ: Kết quả: 100/100 điểm
Điểm tổng: 3 / 10
Thời gian làm bài: 00:04:26.2788563
Sinh viên x đăng nhập
2022-12-19-20-56-08-708: Chấm bài C:\Users\longt\OneDrive\Desktop\KT2_NMLT\41\41Dat.c, KQ: Kết quả: 90/100 điểm
Điểm tổng: 2.7 / 10
Thời gian làm bài: 00:00:00.0698126
2022-12-19-20-56-56-283: Chấm bài C:\Users\longt\OneDrive\Desktop\KT2_NMLT\41\41Dat.c, KQ: Kết quả: 100/100 điểm
Điểm tổng: 3 / 10
Thời gian làm bài: 00:00:59.2172661
Sinh viên x đăng nhập
2022-12-19-20-57-26-879: Chấm bài C:\Users\longt\OneDrive\Desktop\KT2_NMLT\41\41Dat.c, KQ: Kết quả: 100/100 điểm
Điểm tổng: 3 / 10
Thời gian làm bài: 00:01:41.1106685
Sinh viên qq đăng nhập
Sinh viên qq đăng nhập
